app/build/intermediates/manifest_merge_blame_file/debug/manifest-merger-blame-debug-report.txt
1<?xml version="1.0" encoding="utf-8"?>
2<manifest xmlns:android="http://schemas.android.com/apk/res/android"
3    package="si.ros.RosKasa"
4    android:versionCode="1"
5    android:versionName="1.0.0" >
6
7    <uses-sdk
8        android:minSdkVersion="26"
9        android:targetSdkVersion="34" />
10
11    <!-- Omrežna dovoljenja za SOAP klice -->
12    <uses-permission android:name="android.permission.INTERNET" />
12-->src\main\AndroidManifest.xml:5:5-67
12-->src\main\AndroidManifest.xml:5:22-64
13    <uses-permission android:name="android.permission.ACCESS_NETWORK_STATE" />
13-->src\main\AndroidManifest.xml:6:5-79
13-->src\main\AndroidManifest.xml:6:22-76
14
15    <!-- NFC za prijavo s kartico -->
16    <uses-permission android:name="android.permission.NFC" />
16-->src\main\AndroidManifest.xml:9:5-62
16-->src\main\AndroidManifest.xml:9:22-59
17
18    <!-- Bluetooth dovoljenja za tiskanje računa -->
19    <uses-permission android:name="android.permission.BLUETOOTH" />
19-->src\main\AndroidManifest.xml:12:5-68
19-->src\main\AndroidManifest.xml:12:22-65
20    <uses-permission android:name="android.permission.BLUETOOTH_ADMIN" />
20-->src\main\AndroidManifest.xml:13:5-74
20-->src\main\AndroidManifest.xml:13:22-71
21    <uses-permission android:name="android.permission.BLUETOOTH_CONNECT" />
21-->src\main\AndroidManifest.xml:14:5-76
21-->src\main\AndroidManifest.xml:14:22-73
22    <uses-permission android:name="android.permission.BLUETOOTH_SCAN" />
22-->src\main\AndroidManifest.xml:15:5-73
22-->src\main\AndroidManifest.xml:15:22-70
23
24    <permission
24-->[androidx.core:core:1.9.0] AndroidManifest.xml:22:5-24:47
25        android:name="si.ros.RosKasa.DYNAMIC_RECEIVER_NOT_EXPORTED_PERMISSION"
25-->[androidx.core:core:1.9.0] AndroidManifest.xml:23:9-81
26        android:protectionLevel="signature" />
26-->[androidx.core:core:1.9.0] AndroidManifest.xml:24:9-44
27
28    <uses-permission android:name="si.ros.RosKasa.DYNAMIC_RECEIVER_NOT_EXPORTED_PERMISSION" />
28-->[androidx.core:core:1.9.0] AndroidManifest.xml:26:5-97
28-->[androidx.core:core:1.9.0] AndroidManifest.xml:26:22-94
29
30    <application
30-->src\main\AndroidManifest.xml:17:5-34:19
31        android:allowBackup="true"
31-->src\main\AndroidManifest.xml:18:9-35
32        android:appComponentFactory="androidx.core.app.CoreComponentFactory"
32-->[androidx.core:core:1.9.0] AndroidManifest.xml:28:18-86
33        android:debuggable="true"
34        android:extractNativeLibs="false"
35        android:icon="@drawable/ic_launcher"
35-->src\main\AndroidManifest.xml:19:9-45
36        android:label="@string/app_name"
36-->src\main\AndroidManifest.xml:20:9-41
37        android:roundIcon="@drawable/ic_launcher"
37-->src\main\AndroidManifest.xml:21:9-50
38        android:supportsRtl="true"
38-->src\main\AndroidManifest.xml:22:9-35
39        android:testOnly="true"
40        android:theme="@style/Theme.RosKasa" >
40-->src\main\AndroidManifest.xml:23:9-45
41        <activity
41-->src\main\AndroidManifest.xml:25:9-33:20
42            android:name="si.ros.RosKasa.MainActivity"
42-->src\main\AndroidManifest.xml:26:13-41
43            android:configChanges="orientation|screenSize|screenLayout"
43-->src\main\AndroidManifest.xml:28:13-72
44            android:exported="true" >
44-->src\main\AndroidManifest.xml:27:13-36
45            <intent-filter>
45-->src\main\AndroidManifest.xml:29:13-32:29
46                <action android:name="android.intent.action.MAIN" />
46-->src\main\AndroidManifest.xml:30:17-69
46-->src\main\AndroidManifest.xml:30:25-66
47
48                <category android:name="android.intent.category.LAUNCHER" />
48-->src\main\AndroidManifest.xml:31:17-77
48-->src\main\AndroidManifest.xml:31:27-74
49            </intent-filter>
50        </activity>
51
52        <provider
52-->[androidx.emoji2:emoji2:1.2.0] AndroidManifest.xml:24:9-32:20
53            android:name="androidx.startup.InitializationProvider"
53-->[androidx.emoji2:emoji2:1.2.0] AndroidManifest.xml:25:13-67
54            android:authorities="si.ros.RosKasa.androidx-startup"
54-->[androidx.emoji2:emoji2:1.2.0] AndroidManifest.xml:26:13-68
55            android:exported="false" >
55-->[androidx.emoji2:emoji2:1.2.0] AndroidManifest.xml:27:13-37
56            <meta-data
56-->[androidx.emoji2:emoji2:1.2.0] AndroidManifest.xml:29:13-31:52
57                android:name="androidx.emoji2.text.EmojiCompatInitializer"
57-->[androidx.emoji2:emoji2:1.2.0] AndroidManifest.xml:30:17-75
58                android:value="androidx.startup" />
58-->[androidx.emoji2:emoji2:1.2.0] AndroidManifest.xml:31:17-49
59            <meta-data
59-->[androidx.lifecycle:lifecycle-process:2.6.1] AndroidManifest.xml:29:13-31:52
60                android:name="androidx.lifecycle.ProcessLifecycleInitializer"
60-->[androidx.lifecycle:lifecycle-process:2.6.1] AndroidManifest.xml:30:17-78
61                android:value="androidx.startup" />
61-->[androidx.lifecycle:lifecycle-process:2.6.1] AndroidManifest.xml:31:17-49
62            <meta-data
62-->[androidx.profileinstaller:profileinstaller:1.3.0] AndroidManifest.xml:29:13-31:52
63                android:name="androidx.profileinstaller.ProfileInstallerInitializer"
63-->[androidx.profileinstaller:profileinstaller:1.3.0] AndroidManifest.xml:30:17-85
64                android:value="androidx.startup" />
64-->[androidx.profileinstaller:profileinstaller:1.3.0] AndroidManifest.xml:31:17-49
65        </provider>
66
67        <receiver
67-->[androidx.profileinstaller:profileinstaller:1.3.0] AndroidManifest.xml:34:9-52:20
68            android:name="androidx.profileinstaller.ProfileInstallReceiver"
68-->[androidx.profileinstaller:profileinstaller:1.3.0] AndroidManifest.xml:35:13-76
69            android:directBootAware="false"
69-->[androidx.profileinstaller:profileinstaller:1.3.0] AndroidManifest.xml:36:13-44
70            android:enabled="true"
70-->[androidx.profileinstaller:profileinstaller:1.3.0] AndroidManifest.xml:37:13-35
71            android:exported="true"
71-->[androidx.profileinstaller:profileinstaller:1.3.0] AndroidManifest.xml:38:13-36
72            android:permission="android.permission.DUMP" >
72-->[androidx.profileinstaller:profileinstaller:1.3.0] AndroidManifest.xml:39:13-57
73            <intent-filter>
73-->[androidx.profileinstaller:profileinstaller:1.3.0] AndroidManifest.xml:40:13-42:29
74                <action android:name="androidx.profileinstaller.action.INSTALL_PROFILE" />
74-->[androidx.profileinstaller:profileinstaller:1.3.0] AndroidManifest.xml:41:17-91
74-->[androidx.profileinstaller:profileinstaller:1.3.0] AndroidManifest.xml:41:25-88
75            </intent-filter>
76            <intent-filter>
76-->[androidx.profileinstaller:profileinstaller:1.3.0] AndroidManifest.xml:43:13-45:29
77                <action android:name="androidx.profileinstaller.action.SKIP_FILE" />
77-->[androidx.profileinstaller:profileinstaller:1.3.0] AndroidManifest.xml:44:17-85
77-->[androidx.profileinstaller:profileinstaller:1.3.0] AndroidManifest.xml:44:25-82
78            </intent-filter>
79            <intent-filter>
79-->[androidx.profileinstaller:profileinstaller:1.3.0] AndroidManifest.xml:46:13-48:29
80                <action android:name="androidx.profileinstaller.action.SAVE_PROFILE" />
80-->[androidx.profileinstaller:profileinstaller:1.3.0] AndroidManifest.xml:47:17-88
80-->[androidx.profileinstaller:profileinstaller:1.3.0] AndroidManifest.xml:47:25-85
81            </intent-filter>
82            <intent-filter>
82-->[androidx.profileinstaller:profileinstaller:1.3.0] AndroidManifest.xml:49:13-51:29
83                <action android:name="androidx.profileinstaller.action.BENCHMARK_OPERATION" />
83-->[androidx.profileinstaller:profileinstaller:1.3.0] AndroidManifest.xml:50:17-95
83-->[androidx.profileinstaller:profileinstaller:1.3.0] AndroidManifest.xml:50:25-92
84            </intent-filter>
85        </receiver>
86    </application>
87
88</manifest>